  GameResult.cpp
  EnemyManagement.cpp
  Enemy.cpp
  Bullet.cpp
  EnemyImages.cpp
  PlayerImages.cpp
  Object.cpp
  Player.cpp
  PlayGame.cpp
  Sound.cpp
  BackGround.cpp
  Parameter.cpp
  Image.cpp
  Keyboard.cpp
  Math.cpp
  Scene.cpp
  GameManager.cpp
  WinMain.cpp
  Vector2.cpp
  Title.cpp
  コード生成しています。
  218 of 221 functions (98.6%) were compiled, the rest were copied from previous compilation.
    6 functions were new in current compilation
    1 functions had inline decision re-evaluated but remain unchanged
  コード生成が終了しました。
  SSR Shooting.vcxproj -> C:\提出課題\c言語課題\ポートフォリオ_古川良典\Release\SSR Shooting.exe
